<?xml version="1.0" encoding="UTF-8"?>
<!-- Generated by org.testng.reporters.JUnitReportReporter -->
<testsuite skipped="2" hostname="tuba-PC" name="testCases.TC1_2NavigateToLogInPage" tests="3" failures="0" timestamp="13 Jul 2018 10:43:55 GMT" time="1.998" errors="0">
  <testcase name="verifyPageLabel" time="1.998" classname="testCases.TC1_2NavigateToLogInPage"/>
  <testcase name="verifyPageLabel" time="0.000" classname="testCases.TC1_2NavigateToLogInPage">
    <skipped/>
  </testcase> <!-- verifyPageLabel -->
  <testcase name="verifyPageLabel" time="0.000" classname="testCases.TC1_2NavigateToLogInPage">
    <skipped/>
  </testcase> <!-- verifyPageLabel -->
</testsuite> <!-- testCases.TC1_2NavigateToLogInPage -->
