<?xml version="1.0" encoding="UTF-8"?>
<!-- Generated by org.testng.reporters.JUnitReportReporter -->
<testsuite skipped="1" hostname="tuba-PC" name="testCases.TC1_3VerifyAppointmentPage" tests="2" failures="0" timestamp="12 Jul 2018 00:56:16 GMT" time="0.635" errors="0">
  <testcase name="verifyPageLabel" time="0.000" classname="testCases.TC1_3VerifyAppointmentPage">
    <skipped/>
  </testcase> <!-- verifyPageLabel -->
  <testcase name="verifyPageLabel" time="0.635" classname="testCases.TC1_3VerifyAppointmentPage"/>
</testsuite> <!-- testCases.TC1_3VerifyAppointmentPage -->
